app/build/intermediates/manifest_merge_blame_file/debug/processDebugMainManifest/manifest-merger-blame-debug-report.txt
1<?xml version="1.0" encoding="utf-8"?>
2<manifest xmlns:android="http://schemas.android.com/apk/res/android"
3    package="com.cipher.media"
4    android:versionCode="1"
5    android:versionName="1.0.0" >
6
7    <uses-sdk
8        android:minSdkVersion="26"
9        android:targetSdkVersion="34" />
10
11    <!-- Storage permissions -->
12    <uses-permission android:name="android.permission.READ_MEDIA_VIDEO" />
12-->src\main\AndroidManifest.xml:6:5-75
12-->src\main\AndroidManifest.xml:6:22-72
13    <uses-permission android:name="android.permission.READ_MEDIA_AUDIO" />
13-->src\main\AndroidManifest.xml:7:5-75
13-->src\main\AndroidManifest.xml:7:22-72
14    <uses-permission
14-->src\main\AndroidManifest.xml:8:5-10:38
15        android:name="android.permission.READ_EXTERNAL_STORAGE"
15-->src\main\AndroidManifest.xml:9:9-64
16        android:maxSdkVersion="32" />
16-->src\main\AndroidManifest.xml:10:9-35
17
18    <!-- Network (streaming + DLNA discovery) -->
19    <uses-permission android:name="android.permission.INTERNET" />
19-->src\main\AndroidManifest.xml:13:5-67
19-->src\main\AndroidManifest.xml:13:22-64
20    <uses-permission android:name="android.permission.ACCESS_WIFI_STATE" />
20-->src\main\AndroidManifest.xml:14:5-76
20-->src\main\AndroidManifest.xml:14:22-73
21    <uses-permission android:name="android.permission.ACCESS_NETWORK_STATE" />
21-->src\main\AndroidManifest.xml:15:5-79
21-->src\main\AndroidManifest.xml:15:22-76
22    <uses-permission android:name="android.permission.CHANGE_WIFI_MULTICAST_STATE" />
22-->src\main\AndroidManifest.xml:16:5-86
22-->src\main\AndroidManifest.xml:16:22-83
23
24    <!-- Background playback -->
25    <uses-permission android:name="android.permission.FOREGROUND_SERVICE" />
25-->src\main\AndroidManifest.xml:19:5-77
25-->src\main\AndroidManifest.xml:19:22-74
26    <uses-permission android:name="android.permission.FOREGROUND_SERVICE_MEDIA_PLAYBACK" />
26-->src\main\AndroidManifest.xml:20:5-92
26-->src\main\AndroidManifest.xml:20:22-89
27    <uses-permission android:name="android.permission.POST_NOTIFICATIONS" />
27-->src\main\AndroidManifest.xml:21:5-77
27-->src\main\AndroidManifest.xml:21:22-74
28    <uses-permission android:name="android.permission.MODIFY_AUDIO_SETTINGS" />
28-->src\main\AndroidManifest.xml:22:5-80
28-->src\main\AndroidManifest.xml:22:22-77
29    <uses-permission android:name="android.permission.USE_BIOMETRIC" />
29-->src\main\AndroidManifest.xml:23:5-72
29-->src\main\AndroidManifest.xml:23:22-69
30
31    <!-- Intruder detection -->
32    <uses-permission android:name="android.permission.CAMERA" />
32-->src\main\AndroidManifest.xml:26:5-65
32-->src\main\AndroidManifest.xml:26:22-62
33    <uses-permission android:name="android.permission.ACCESS_FINE_LOCATION" />
33-->src\main\AndroidManifest.xml:27:5-79
33-->src\main\AndroidManifest.xml:27:22-76
34    <uses-permission android:name="android.permission.ACCESS_COARSE_LOCATION" />
34-->src\main\AndroidManifest.xml:28:5-81
34-->src\main\AndroidManifest.xml:28:22-78
35
36    <uses-feature
36-->src\main\AndroidManifest.xml:30:5-85
37        android:name="android.hardware.camera"
37-->src\main\AndroidManifest.xml:30:19-57
38        android:required="false" />
38-->src\main\AndroidManifest.xml:30:58-82
39    <uses-feature
39-->src\main\AndroidManifest.xml:31:5-91
40        android:name="android.hardware.camera.front"
40-->src\main\AndroidManifest.xml:31:19-63
41        android:required="false" />
41-->src\main\AndroidManifest.xml:31:64-88
42
43    <!-- Ads -->
44    <uses-permission android:name="com.google.android.gms.permission.AD_ID" />
44-->src\main\AndroidManifest.xml:34:5-79
44-->src\main\AndroidManifest.xml:34:22-76
45    <uses-permission android:name="com.android.vending.BILLING" />
45-->src\main\AndroidManifest.xml:35:5-67
45-->src\main\AndroidManifest.xml:35:22-64
46
47    <queries>
47-->[com.google.android.gms:play-services-cast-framework:21.4.0] AndroidManifest.xml:14:5-16:15
48        <package android:name="com.google.android.gms.policy_cast_dynamite" />
48-->[com.google.android.gms:play-services-cast-framework:21.4.0] AndroidManifest.xml:15:9-79
48-->[com.google.android.gms:play-services-cast-framework:21.4.0] AndroidManifest.xml:15:18-76
49
50        <intent>
50-->[com.razorpay:checkout:1.6.33] AndroidManifest.xml:11:9-17:18
51            <action android:name="android.intent.action.VIEW" />
51-->[com.google.firebase:firebase-auth:22.3.1] AndroidManifest.xml:36:17-69
51-->[com.google.firebase:firebase-auth:22.3.1] AndroidManifest.xml:36:25-66
52
53            <data
53-->[com.google.firebase:firebase-auth:22.3.1] AndroidManifest.xml:41:17-44:51
54                android:mimeType="*/*"
55                android:scheme="*" />
55-->[com.google.firebase:firebase-auth:22.3.1] AndroidManifest.xml:44:21-48
56        </intent>
57        <intent>
57-->[com.razorpay:checkout:1.6.33] AndroidManifest.xml:18:9-27:18
58            <action android:name="android.intent.action.VIEW" />
58-->[com.google.firebase:firebase-auth:22.3.1] AndroidManifest.xml:36:17-69
58-->[com.google.firebase:firebase-auth:22.3.1] AndroidManifest.xml:36:25-66
59
60            <category android:name="android.intent.category.BROWSABLE" />
60-->[com.google.firebase:firebase-auth:22.3.1] AndroidManifest.xml:39:17-78
60-->[com.google.firebase:firebase-auth:22.3.1] AndroidManifest.xml:39:27-75
61
62            <data
62-->[com.google.firebase:firebase-auth:22.3.1] AndroidManifest.xml:41:17-44:51
63                android:host="pay"
63-->[com.google.firebase:firebase-auth:22.3.1] AndroidManifest.xml:42:21-49
64                android:mimeType="*/*"
65                android:scheme="upi" />
65-->[com.google.firebase:firebase-auth:22.3.1] AndroidManifest.xml:44:21-48
66        </intent>
67        <intent>
67-->[com.razorpay:checkout:1.6.33] AndroidManifest.xml:28:9-30:18
68            <action android:name="android.intent.action.MAIN" />
68-->src\main\AndroidManifest.xml:66:17-69
68-->src\main\AndroidManifest.xml:66:25-66
69        </intent>
70        <intent>
70-->[com.razorpay:checkout:1.6.33] AndroidManifest.xml:31:9-35:18
71            <action android:name="android.intent.action.SEND" />
71-->[com.razorpay:checkout:1.6.33] AndroidManifest.xml:32:13-65
71-->[com.razorpay:checkout:1.6.33] AndroidManifest.xml:32:21-62
72
73            <data android:mimeType="*/*" />
73-->[com.google.firebase:firebase-auth:22.3.1] AndroidManifest.xml:41:17-44:51
74        </intent>
75        <intent>
75-->[com.razorpay:checkout:1.6.33] AndroidManifest.xml:36:9-38:18
76            <action android:name="rzp.device_token.share" />
76-->[com.razorpay:checkout:1.6.33] AndroidManifest.xml:37:13-61
76-->[com.razorpay:checkout:1.6.33] AndroidManifest.xml:37:21-58
77        </intent> <!-- For browser content -->
78        <intent>
78-->[com.google.android.gms:play-services-ads-lite:23.0.0] AndroidManifest.xml:38:9-44:18
79            <action android:name="android.intent.action.VIEW" />
79-->[com.google.firebase:firebase-auth:22.3.1] AndroidManifest.xml:36:17-69
79-->[com.google.firebase:firebase-auth:22.3.1] AndroidManifest.xml:36:25-66
80
81            <category android:name="android.intent.category.BROWSABLE" />
81-->[com.google.firebase:firebase-auth:22.3.1] AndroidManifest.xml:39:17-78
81-->[com.google.firebase:firebase-auth:22.3.1] AndroidManifest.xml:39:27-75
82
83            <data android:scheme="https" />
83-->[com.google.firebase:firebase-auth:22.3.1] AndroidManifest.xml:41:17-44:51
83-->[com.google.firebase:firebase-auth:22.3.1] AndroidManifest.xml:44:21-48
84        </intent> <!-- End of browser content -->
85        <!-- For CustomTabsService -->
86        <intent>
86-->[com.google.android.gms:play-services-ads-lite:23.0.0] AndroidManifest.xml:47:9-49:18
87            <action android:name="android.support.customtabs.action.CustomTabsService" />
87-->[com.google.android.gms:play-services-ads-lite:23.0.0] AndroidManifest.xml:48:13-90
87-->[com.google.android.gms:play-services-ads-lite:23.0.0] AndroidManifest.xml:48:21-87
88        </intent>
89    </queries> <!-- suppress DeprecatedClassUsageInspection -->
90    <uses-permission android:name="android.permission.USE_FINGERPRINT" />
90-->[androidx.biometric:biometric:1.1.0] AndroidManifest.xml:27:5-74
90-->[androidx.biometric:biometric:1.1.0] AndroidManifest.xml:27:22-71
91
92    <uses-feature
92-->[com.google.android.gms:play-services-maps:17.0.0] AndroidManifest.xml:26:5-28:35
93        android:glEsVersion="0x00020000"
93-->[com.google.android.gms:play-services-maps:17.0.0] AndroidManifest.xml:27:9-41
94        android:required="true" />
94-->[com.google.android.gms:play-services-maps:17.0.0] AndroidManifest.xml:28:9-32
95
96    <uses-permission android:name="android.permission.ACCESS_ADSERVICES_AD_ID" />
96-->[com.google.android.gms:play-services-ads-lite:23.0.0] AndroidManifest.xml:27:5-82
96-->[com.google.android.gms:play-services-ads-lite:23.0.0] AndroidManifest.xml:27:22-79
97    <uses-permission android:name="android.permission.ACCESS_ADSERVICES_ATTRIBUTION" />
97-->[com.google.android.gms:play-services-ads-lite:23.0.0] AndroidManifest.xml:28:5-88
97-->[com.google.android.gms:play-services-ads-lite:23.0.0] AndroidManifest.xml:28:22-85
98    <uses-permission android:name="android.permission.ACCESS_ADSERVICES_TOPICS" />
98-->[com.google.android.gms:play-services-ads-lite:23.0.0] AndroidManifest.xml:29:5-83
98-->[com.google.android.gms:play-services-ads-lite:23.0.0] AndroidManifest.xml:29:22-80
99    <uses-permission android:name="android.permission.WAKE_LOCK" />
99-->[com.google.android.gms:play-services-measurement:21.5.1] AndroidManifest.xml:25:5-68
99-->[com.google.android.gms:play-services-measurement:21.5.1] AndroidManifest.xml:25:22-65
100    <uses-permission android:name="com.google.android.finsky.permission.BIND_GET_INSTALL_REFERRER_SERVICE" />
100-->[com.google.android.gms:play-services-measurement:21.5.1] AndroidManifest.xml:26:5-110
100-->[com.google.android.gms:play-services-measurement:21.5.1] AndroidManifest.xml:26:22-107
101    <uses-permission android:name="com.google.android.providers.gsf.permission.READ_GSERVICES" />
101-->[com.google.android.recaptcha:recaptcha:18.4.0] AndroidManifest.xml:9:5-98
101-->[com.google.android.recaptcha:recaptcha:18.4.0] AndroidManifest.xml:9:22-95
102
103    <permission
103-->[androidx.core:core:1.12.0] AndroidManifest.xml:22:5-24:47
104        android:name="com.cipher.media.DYNAMIC_RECEIVER_NOT_EXPORTED_PERMISSION"
104-->[androidx.core:core:1.12.0] AndroidManifest.xml:23:9-81
105        android:protectionLevel="signature" />
105-->[androidx.core:core:1.12.0] AndroidManifest.xml:24:9-44
106
107    <uses-permission android:name="com.cipher.media.DYNAMIC_RECEIVER_NOT_EXPORTED_PERMISSION" />
107-->[androidx.core:core:1.12.0] AndroidManifest.xml:26:5-97
107-->[androidx.core:core:1.12.0] AndroidManifest.xml:26:22-94
108
109    <application
109-->src\main\AndroidManifest.xml:37:5-109:19
110        android:name="com.cipher.media.CIPHERApplication"
110-->src\main\AndroidManifest.xml:38:9-42
111        android:allowBackup="true"
111-->src\main\AndroidManifest.xml:39:9-35
112        android:appComponentFactory="androidx.core.app.CoreComponentFactory"
112-->[androidx.core:core:1.12.0] AndroidManifest.xml:28:18-86
113        android:debuggable="true"
114        android:extractNativeLibs="false"
115        android:icon="@mipmap/ic_launcher"
115-->src\main\AndroidManifest.xml:40:9-43
116        android:label="@string/app_name"
116-->src\main\AndroidManifest.xml:41:9-41
117        android:localeConfig="@xml/locales_config"
117-->src\main\AndroidManifest.xml:44:9-51
118        android:roundIcon="@mipmap/ic_launcher_round"
118-->src\main\AndroidManifest.xml:42:9-54
119        android:supportsRtl="true"
119-->src\main\AndroidManifest.xml:43:9-35
120        android:theme="@style/Theme.CIPHER" >
120-->src\main\AndroidManifest.xml:45:9-44
121
122        <!-- AdMob App ID -->
123        <meta-data
123-->src\main\AndroidManifest.xml:49:9-51:70
124            android:name="com.google.android.gms.ads.APPLICATION_ID"
124-->src\main\AndroidManifest.xml:50:13-69
125            android:value="ca-app-pub-7731479239467127~4148664656" />
125-->src\main\AndroidManifest.xml:51:13-67
126
127        <!-- Fix manifest merger conflict between ads and measurement -->
128        <property
128-->src\main\AndroidManifest.xml:54:9-57:48
129            android:name="android.adservices.AD_SERVICES_CONFIG"
129-->src\main\AndroidManifest.xml:55:13-65
130            android:resource="@xml/gma_ad_services_config" />
130-->src\main\AndroidManifest.xml:56:13-59
131
132        <activity
132-->src\main\AndroidManifest.xml:59:9-69:20
133            android:name="com.cipher.media.MainActivity"
133-->src\main\AndroidManifest.xml:60:13-41
134            android:configChanges="orientation|screenSize|smallestScreenSize|screenLayout|keyboardHidden"
134-->src\main\AndroidManifest.xml:63:13-106
135            android:exported="true"
135-->src\main\AndroidManifest.xml:61:13-36
136            android:supportsPictureInPicture="true"
136-->src\main\AndroidManifest.xml:62:13-52
137            android:theme="@style/Theme.CIPHER" >
137-->src\main\AndroidManifest.xml:64:13-48
138            <intent-filter>
138-->src\main\AndroidManifest.xml:65:13-68:29
139                <action android:name="android.intent.action.MAIN" />
139-->src\main\AndroidManifest.xml:66:17-69
139-->src\main\AndroidManifest.xml:66:25-66
140
141                <category android:name="android.intent.category.LAUNCHER" />
141-->src\main\AndroidManifest.xml:67:17-77
141-->src\main\AndroidManifest.xml:67:27-74
142            </intent-filter>
143        </activity> <!-- Calculator disguise activity-alias (disabled by default) -->
144        <activity-alias
144-->src\main\AndroidManifest.xml:72:9-84:26
145            android:name="com.cipher.media.CalculatorAlias"
145-->src\main\AndroidManifest.xml:73:13-44
146            android:enabled="false"
146-->src\main\AndroidManifest.xml:75:13-36
147            android:exported="true"
147-->src\main\AndroidManifest.xml:76:13-36
148            android:icon="@mipmap/ic_launcher"
148-->src\main\AndroidManifest.xml:77:13-47
149            android:label="Calculator"
149-->src\main\AndroidManifest.xml:78:13-39
150            android:targetActivity="com.cipher.media.MainActivity"
150-->src\main\AndroidManifest.xml:74:13-51
151            android:theme="@style/Theme.CIPHER" >
151-->src\main\AndroidManifest.xml:79:13-48
152            <intent-filter>
152-->src\main\AndroidManifest.xml:65:13-68:29
153                <action android:name="android.intent.action.MAIN" />
153-->src\main\AndroidManifest.xml:66:17-69
153-->src\main\AndroidManifest.xml:66:25-66
154
155                <category android:name="android.intent.category.LAUNCHER" />
155-->src\main\AndroidManifest.xml:67:17-77
155-->src\main\AndroidManifest.xml:67:27-74
156            </intent-filter>
157        </activity-alias>
158
159        <service
159-->src\main\AndroidManifest.xml:86:9-93:19
160            android:name="com.cipher.media.service.AudioPlaybackService"
160-->src\main\AndroidManifest.xml:87:13-57
161            android:exported="true"
161-->src\main\AndroidManifest.xml:88:13-36
162            android:foregroundServiceType="mediaPlayback" >
162-->src\main\AndroidManifest.xml:89:13-58
163            <intent-filter>
163-->src\main\AndroidManifest.xml:90:13-92:29
164                <action android:name="androidx.media3.session.MediaSessionService" />
164-->src\main\AndroidManifest.xml:91:17-86
164-->src\main\AndroidManifest.xml:91:25-83
165            </intent-filter>
166        </service>
167
168        <!-- Music Player Widget (FREE FEATURE) -->
169        <receiver
169-->src\main\AndroidManifest.xml:96:9-108:20
170            android:name="com.cipher.media.widget.MusicWidgetProvider"
170-->src\main\AndroidManifest.xml:97:13-55
171            android:exported="true" >
171-->src\main\AndroidManifest.xml:98:13-36
172            <intent-filter>
172-->src\main\AndroidManifest.xml:99:13-104:29
173                <action android:name="android.appwidget.action.APPWIDGET_UPDATE" />
173-->src\main\AndroidManifest.xml:100:17-84
173-->src\main\AndroidManifest.xml:100:25-81
174                <action android:name="com.cipher.media.WIDGET_PLAY_PAUSE" />
174-->src\main\AndroidManifest.xml:101:17-77
174-->src\main\AndroidManifest.xml:101:25-74
175                <action android:name="com.cipher.media.WIDGET_NEXT" />
175-->src\main\AndroidManifest.xml:102:17-71
175-->src\main\AndroidManifest.xml:102:25-68
176                <action android:name="com.cipher.media.WIDGET_PREV" />
176-->src\main\AndroidManifest.xml:103:17-71
176-->src\main\AndroidManifest.xml:103:25-68
177            </intent-filter>
178
179            <meta-data
179-->src\main\AndroidManifest.xml:105:13-107:61
180                android:name="android.appwidget.provider"
180-->src\main\AndroidManifest.xml:106:17-58
181                android:resource="@xml/music_widget_info" />
181-->src\main\AndroidManifest.xml:107:17-58
182        </receiver>
183        <receiver
183-->[com.google.android.gms:play-services-cast-framework:21.4.0] AndroidManifest.xml:19:9-21:40
184            android:name="com.google.android.gms.cast.framework.media.MediaIntentReceiver"
184-->[com.google.android.gms:play-services-cast-framework:21.4.0] AndroidManifest.xml:20:13-91
185            android:exported="false" />
185-->[com.google.android.gms:play-services-cast-framework:21.4.0] AndroidManifest.xml:21:13-37
186
187        <service
187-->[com.google.android.gms:play-services-cast-framework:21.4.0] AndroidManifest.xml:23:9-25:40
188            android:name="com.google.android.gms.cast.framework.ReconnectionService"
188-->[com.google.android.gms:play-services-cast-framework:21.4.0] AndroidManifest.xml:24:13-85
189            android:exported="false" />
189-->[com.google.android.gms:play-services-cast-framework:21.4.0] AndroidManifest.xml:25:13-37
190
191        <activity
191-->[com.cloudinary:cloudinary-android-ui:2.4.0] AndroidManifest.xml:10:9-13:56
192            android:name="com.cloudinary.android.uploadwidget.ui.UploadWidgetActivity"
192-->[com.cloudinary:cloudinary-android-ui:2.4.0] AndroidManifest.xml:11:13-87
193            android:configChanges="orientation"
193-->[com.cloudinary:cloudinary-android-ui:2.4.0] AndroidManifest.xml:12:13-48
194            android:theme="@style/UploadWidgetTheme" />
194-->[com.cloudinary:cloudinary-android-ui:2.4.0] AndroidManifest.xml:13:13-53
195        <activity
195-->[androidx.glance:glance-appwidget:1.0.0] AndroidManifest.xml:23:9-27:40
196            android:name="androidx.glance.appwidget.action.ActionTrampolineActivity"
196-->[androidx.glance:glance-appwidget:1.0.0] AndroidManifest.xml:24:13-85
197            android:enabled="true"
197-->[androidx.glance:glance-appwidget:1.0.0] AndroidManifest.xml:25:13-35
198            android:excludeFromRecents="true"
198-->[androidx.glance:glance-appwidget:1.0.0] AndroidManifest.xml:26:13-46
199            android:exported="false" />
199-->[androidx.glance:glance-appwidget:1.0.0] AndroidManifest.xml:27:13-37
200        <activity
200-->[androidx.glance:glance-appwidget:1.0.0] AndroidManifest.xml:28:9-35:81
201            android:name="androidx.glance.appwidget.action.InvisibleActionTrampolineActivity"
201-->[androidx.glance:glance-appwidget:1.0.0] AndroidManifest.xml:29:13-94
202            android:enabled="true"
202-->[androidx.glance:glance-appwidget:1.0.0] AndroidManifest.xml:30:13-35
203            android:exported="false"
203-->[androidx.glance:glance-appwidget:1.0.0] AndroidManifest.xml:31:13-37
204            android:launchMode="singleInstance"
204-->[androidx.glance:glance-appwidget:1.0.0] AndroidManifest.xml:32:13-48
205            android:noHistory="true"
205-->[androidx.glance:glance-appwidget:1.0.0] AndroidManifest.xml:33:13-37
206            android:taskAffinity="androidx.glance.appwidget.ListAdapterCallbackTrampoline"
206-->[androidx.glance:glance-appwidget:1.0.0] AndroidManifest.xml:34:13-91
207            android:theme="@style/Widget.Glance.AppWidget.CallbackTrampoline" />
207-->[androidx.glance:glance-appwidget:1.0.0] AndroidManifest.xml:35:13-78
208
209        <receiver
209-->[androidx.glance:glance-appwidget:1.0.0] AndroidManifest.xml:37:9-40:40
210            android:name="androidx.glance.appwidget.action.ActionCallbackBroadcastReceiver"
210-->[androidx.glance:glance-appwidget:1.0.0] AndroidManifest.xml:38:13-92
211            android:enabled="true"
211-->[androidx.glance:glance-appwidget:1.0.0] AndroidManifest.xml:39:13-35
212            android:exported="false" />
212-->[androidx.glance:glance-appwidget:1.0.0] AndroidManifest.xml:40:13-37
213        <receiver
213-->[androidx.glance:glance-appwidget:1.0.0] AndroidManifest.xml:41:9-48:20
214            android:name="androidx.glance.appwidget.MyPackageReplacedReceiver"
214-->[androidx.glance:glance-appwidget:1.0.0] AndroidManifest.xml:42:13-79
215            android:enabled="true"
215-->[androidx.glance:glance-appwidget:1.0.0] AndroidManifest.xml:43:13-35
216            android:exported="false" >
216-->[androidx.glance:glance-appwidget:1.0.0] AndroidManifest.xml:44:13-37
217            <intent-filter>
217-->[androidx.glance:glance-appwidget:1.0.0] AndroidManifest.xml:45:13-47:29
218                <action android:name="android.intent.action.MY_PACKAGE_REPLACED" />
218-->[androidx.glance:glance-appwidget:1.0.0] AndroidManifest.xml:46:17-84
218-->[androidx.glance:glance-appwidget:1.0.0] AndroidManifest.xml:46:25-81
219            </intent-filter>
220        </receiver>
221
222        <service
222-->[androidx.glance:glance-appwidget:1.0.0] AndroidManifest.xml:50:9-53:72
223            android:name="androidx.glance.appwidget.GlanceRemoteViewsService"
223-->[androidx.glance:glance-appwidget:1.0.0] AndroidManifest.xml:51:13-78
224            android:exported="true"
224-->[androidx.glance:glance-appwidget:1.0.0] AndroidManifest.xml:52:13-36
225            android:permission="android.permission.BIND_REMOTEVIEWS" />
225-->[androidx.glance:glance-appwidget:1.0.0] AndroidManifest.xml:53:13-69
226        <service
226-->[androidx.camera:camera-camera2:1.3.1] AndroidManifest.xml:24:9-33:19
227            android:name="androidx.camera.core.impl.MetadataHolderService"
227-->[androidx.camera:camera-camera2:1.3.1] AndroidManifest.xml:25:13-75
228            android:enabled="false"
228-->[androidx.camera:camera-camera2:1.3.1] AndroidManifest.xml:26:13-36
229            android:exported="false" >
229-->[androidx.camera:camera-camera2:1.3.1] AndroidManifest.xml:27:13-37
230            <meta-data
230-->[androidx.camera:camera-camera2:1.3.1] AndroidManifest.xml:30:13-32:89
231                android:name="androidx.camera.core.impl.MetadataHolderService.DEFAULT_CONFIG_PROVIDER"
231-->[androidx.camera:camera-camera2:1.3.1] AndroidManifest.xml:31:17-103
232                android:value="androidx.camera.camera2.Camera2Config$DefaultProvider" />
232-->[androidx.camera:camera-camera2:1.3.1] AndroidManifest.xml:32:17-86
233        </service>
234
235        <activity
235-->[com.google.firebase:firebase-auth:22.3.1] AndroidManifest.xml:29:9-46:20
236            android:name="com.google.firebase.auth.internal.GenericIdpActivity"
236-->[com.google.firebase:firebase-auth:22.3.1] AndroidManifest.xml:30:13-80
237            android:excludeFromRecents="true"
237-->[com.google.firebase:firebase-auth:22.3.1] AndroidManifest.xml:31:13-46
238            android:exported="true"
238-->[com.google.firebase:firebase-auth:22.3.1] AndroidManifest.xml:32:13-36
239            android:launchMode="singleTask"
239-->[com.google.firebase:firebase-auth:22.3.1] AndroidManifest.xml:33:13-44
240            android:theme="@android:style/Theme.Translucent.NoTitleBar" >
240-->[com.google.firebase:firebase-auth:22.3.1] AndroidManifest.xml:34:13-72
241            <intent-filter>
241-->[com.google.firebase:firebase-auth:22.3.1] AndroidManifest.xml:35:13-45:29
242                <action android:name="android.intent.action.VIEW" />
242-->[com.google.firebase:firebase-auth:22.3.1] AndroidManifest.xml:36:17-69
242-->[com.google.firebase:firebase-auth:22.3.1] AndroidManifest.xml:36:25-66
243
244                <category android:name="android.intent.category.DEFAULT" />
244-->[com.google.firebase:firebase-auth:22.3.1] AndroidManifest.xml:38:17-76
244-->[com.google.firebase:firebase-auth:22.3.1] AndroidManifest.xml:38:27-73
245                <category android:name="android.intent.category.BROWSABLE" />
245-->[com.google.firebase:firebase-auth:22.3.1] AndroidManifest.xml:39:17-78
245-->[com.google.firebase:firebase-auth:22.3.1] AndroidManifest.xml:39:27-75
246
247                <data
247-->[com.google.firebase:firebase-auth:22.3.1] AndroidManifest.xml:41:17-44:51
248                    android:host="firebase.auth"
248-->[com.google.firebase:firebase-auth:22.3.1] AndroidManifest.xml:42:21-49
249                    android:path="/"
249-->[com.google.firebase:firebase-auth:22.3.1] AndroidManifest.xml:43:21-37
250                    android:scheme="genericidp" />
250-->[com.google.firebase:firebase-auth:22.3.1] AndroidManifest.xml:44:21-48
251            </intent-filter>
252        </activity>
253        <activity
253-->[com.google.firebase:firebase-auth:22.3.1] AndroidManifest.xml:47:9-64:20
254            android:name="com.google.firebase.auth.internal.RecaptchaActivity"
254-->[com.google.firebase:firebase-auth:22.3.1] AndroidManifest.xml:48:13-79
255            android:excludeFromRecents="true"
255-->[com.google.firebase:firebase-auth:22.3.1] AndroidManifest.xml:49:13-46
256            android:exported="true"
256-->[com.google.firebase:firebase-auth:22.3.1] AndroidManifest.xml:50:13-36
257            android:launchMode="singleTask"
257-->[com.google.firebase:firebase-auth:22.3.1] AndroidManifest.xml:51:13-44
258            android:theme="@android:style/Theme.Translucent.NoTitleBar" >
258-->[com.google.firebase:firebase-auth:22.3.1] AndroidManifest.xml:52:13-72
259            <intent-filter>
259-->[com.google.firebase:firebase-auth:22.3.1] AndroidManifest.xml:53:13-63:29
260                <action android:name="android.intent.action.VIEW" />
260-->[com.google.firebase:firebase-auth:22.3.1] AndroidManifest.xml:36:17-69
260-->[com.google.firebase:firebase-auth:22.3.1] AndroidManifest.xml:36:25-66
261
262                <category android:name="android.intent.category.DEFAULT" />
262-->[com.google.firebase:firebase-auth:22.3.1] AndroidManifest.xml:38:17-76
262-->[com.google.firebase:firebase-auth:22.3.1] AndroidManifest.xml:38:27-73
263                <category android:name="android.intent.category.BROWSABLE" />
263-->[com.google.firebase:firebase-auth:22.3.1] AndroidManifest.xml:39:17-78
263-->[com.google.firebase:firebase-auth:22.3.1] AndroidManifest.xml:39:27-75
264
265                <data
265-->[com.google.firebase:firebase-auth:22.3.1] AndroidManifest.xml:41:17-44:51
266                    android:host="firebase.auth"
266-->[com.google.firebase:firebase-auth:22.3.1] AndroidManifest.xml:42:21-49
267                    android:path="/"
267-->[com.google.firebase:firebase-auth:22.3.1] AndroidManifest.xml:43:21-37
268                    android:scheme="recaptcha" />
268-->[com.google.firebase:firebase-auth:22.3.1] AndroidManifest.xml:44:21-48
269            </intent-filter>
270        </activity>
271
272        <service
272-->[com.google.firebase:firebase-auth:22.3.1] AndroidManifest.xml:66:9-72:19
273            android:name="com.google.firebase.components.ComponentDiscoveryService"
273-->[com.google.firebase:firebase-auth:22.3.1] AndroidManifest.xml:67:13-84
274            android:directBootAware="true"
274-->[com.google.firebase:firebase-common:20.4.2] AndroidManifest.xml:32:13-43
275            android:exported="false" >
275-->[com.google.firebase:firebase-auth:22.3.1] AndroidManifest.xml:68:13-37
276            <meta-data
276-->[com.google.firebase:firebase-auth:22.3.1] AndroidManifest.xml:69:13-71:85
277                android:name="com.google.firebase.components:com.google.firebase.auth.FirebaseAuthRegistrar"
277-->[com.google.firebase:firebase-auth:22.3.1] AndroidManifest.xml:70:17-109
278                android:value="com.google.firebase.components.ComponentRegistrar" />
278-->[com.google.firebase:firebase-auth:22.3.1] AndroidManifest.xml:71:17-82
279            <meta-data
279-->[com.google.firebase:firebase-firestore:24.10.2] AndroidManifest.xml:17:13-19:85
280                android:name="com.google.firebase.components:com.google.firebase.firestore.FirebaseFirestoreKtxRegistrar"
280-->[com.google.firebase:firebase-firestore:24.10.2] AndroidManifest.xml:18:17-122
281                android:value="com.google.firebase.components.ComponentRegistrar" />
281-->[com.google.firebase:firebase-firestore:24.10.2] AndroidManifest.xml:19:17-82
282            <meta-data
282-->[com.google.firebase:firebase-firestore:24.10.2] AndroidManifest.xml:20:13-22:85
283                android:name="com.google.firebase.components:com.google.firebase.firestore.FirestoreRegistrar"
283-->[com.google.firebase:firebase-firestore:24.10.2] AndroidManifest.xml:21:17-111
284                android:value="com.google.firebase.components.ComponentRegistrar" />
284-->[com.google.firebase:firebase-firestore:24.10.2] AndroidManifest.xml:22:17-82
285            <meta-data
285-->[com.google.firebase:firebase-analytics-ktx:21.5.1] AndroidManifest.xml:11:13-13:85
286                android:name="com.google.firebase.components:com.google.firebase.analytics.ktx.FirebaseAnalyticsLegacyRegistrar"
286-->[com.google.firebase:firebase-analytics-ktx:21.5.1] AndroidManifest.xml:12:17-129
287                android:value="com.google.firebase.components.ComponentRegistrar" />
287-->[com.google.firebase:firebase-analytics-ktx:21.5.1] AndroidManifest.xml:13:17-82
288            <meta-data
288-->[com.google.android.gms:play-services-measurement-api:21.5.1] AndroidManifest.xml:37:13-39:85